<?xml version="1.0" encoding="UTF-8"?>
<!-- Generated by org.testng.reporters.JUnitReportReporter -->
<testsuite hostname="DESKTOP-C7NA17M" failures="0" tests="1" name="com.mystore.qa.tests.OrderPageTest" time="24.407" errors="0" timestamp="21 Feb 2021 17:31:16 GMT" skipped="0">
  <testcase classname="com.mystore.qa.tests.OrderPageTest" name="deleteItemFromShoppingCart" time="24.407"/>
</testsuite> <!-- com.mystore.qa.tests.OrderPageTest -->
