<?xml version="1.0" encoding="UTF-8"?>
<!-- Generated by org.testng.reporters.JUnitReportReporter -->
<testsuite hostname="DESKTOP-C7NA17M" failures="0" tests="6" name="com.mystore.qa.tests.MyStoreIndexPageTest" time="43.429" errors="4" timestamp="23 Feb 2021 13:34:39 GMT" skipped="0">
  <testcase classname="com.mystore.qa.tests.MyStoreIndexPageTest" name="validateMyStoreTitle" time="6.129">
    <error message="C:\Users\jhali\OneDrive\Escritorio\Project\src\test\resources\excel\testdata.xlsx (El sistema no puede encontrar la ruta especificada)" type="java.io.FileNotFoundException">
      <![CDATA[java.io.FileNotFoundException: C:\Users\jhali\OneDrive\Escritorio\Project\src\test\resources\excel\testdata.xlsx (El sistema no puede encontrar la ruta especificada)
at java.base/java.io.FileInputStream.open0(Native Method)
at java.base/java.io.FileInputStream.open(FileInputStream.java:211)
at java.base/java.io.FileInputStream.<init>(FileInputStream.java:153)
at java.base/java.io.FileInputStream.<init>(FileInputStream.java:108)
at com.mystore.qa.utils.ExcelUtils.getCellStringData(ExcelUtils.java:20)
at com.mystore.qa.tests.MyStoreIndexPageTest.validateMyStoreTitle(MyStoreIndexPageTest.java:21)
at java.base/jdk.internal.reflect.NativeMethodAccessorImpl.invoke0(Native Method)
at java.base/jdk.internal.reflect.NativeMethodAccessorImpl.invoke(NativeMethodAccessorImpl.java:64)
at java.base/jdk.internal.reflect.DelegatingMethodAccessorImpl.invoke(DelegatingMethodAccessorImpl.java:43)
at java.base/java.lang.reflect.Method.invoke(Method.java:564)
at org.testng.internal.MethodInvocationHelper.invokeMethod(MethodInvocationHelper.java:124)
at org.testng.internal.Invoker.invokeMethod(Invoker.java:583)
at org.testng.internal.Invoker.invokeTestMethod(Invoker.java:719)
at org.testng.internal.Invoker.invokeTestMethods(Invoker.java:989)
at org.testng.internal.TestMethodWorker.invokeTestMethods(TestMethodWorker.java:125)
at org.testng.internal.TestMethodWorker.run(TestMethodWorker.java:109)
at java.base/java.util.concurrent.ThreadPoolExecutor.runWorker(ThreadPoolExecutor.java:1130)
at java.base/java.util.concurrent.ThreadPoolExecutor$Worker.run(ThreadPoolExecutor.java:630)
at java.base/java.lang.Thread.run(Thread.java:832)
]]>
    </error>
  </testcase> <!-- validateMyStoreTitle -->
  <testcase classname="com.mystore.qa.tests.MyStoreIndexPageTest" name="validateMyStoreLogo" time="5.092"/>
  <testcase classname="com.mystore.qa.tests.MyStoreIndexPageTest" name="clickSignInLink" time="8.217"/>
  <testcase classname="com.mystore.qa.tests.MyStoreIndexPageTest" name="searchProduct" time="9.430">
    <error message="C:\Users\jhali\OneDrive\Escritorio\Project\src\test\resources\excel\testdata.xlsx (El sistema no puede encontrar la ruta especificada)" type="java.io.FileNotFoundException">
      <![CDATA[java.io.FileNotFoundException: C:\Users\jhali\OneDrive\Escritorio\Project\src\test\resources\excel\testdata.xlsx (El sistema no puede encontrar la ruta especificada)
at java.base/java.io.FileInputStream.open0(Native Method)
at java.base/java.io.FileInputStream.open(FileInputStream.java:211)
at java.base/java.io.FileInputStream.<init>(FileInputStream.java:153)
at java.base/java.io.FileInputStream.<init>(FileInputStream.java:108)
at com.mystore.qa.utils.ExcelUtils.getCellStringData(ExcelUtils.java:20)
at com.mystore.qa.tests.MyStoreIndexPageTest.searchProduct(MyStoreIndexPageTest.java:40)
at java.base/jdk.internal.reflect.NativeMethodAccessorImpl.invoke0(Native Method)
at java.base/jdk.internal.reflect.NativeMethodAccessorImpl.invoke(NativeMethodAccessorImpl.java:64)
at java.base/jdk.internal.reflect.DelegatingMethodAccessorImpl.invoke(DelegatingMethodAccessorImpl.java:43)
at java.base/java.lang.reflect.Method.invoke(Method.java:564)
at org.testng.internal.MethodInvocationHelper.invokeMethod(MethodInvocationHelper.java:124)
at org.testng.internal.Invoker.invokeMethod(Invoker.java:583)
at org.testng.internal.Invoker.invokeTestMethod(Invoker.java:719)
at org.testng.internal.Invoker.invokeTestMethods(Invoker.java:989)
at org.testng.internal.TestMethodWorker.invokeTestMethods(TestMethodWorker.java:125)
at org.testng.internal.TestMethodWorker.run(TestMethodWorker.java:109)
at java.base/java.util.concurrent.ThreadPoolExecutor.runWorker(ThreadPoolExecutor.java:1130)
at java.base/java.util.concurrent.ThreadPoolExecutor$Worker.run(ThreadPoolExecutor.java:630)
at java.base/java.lang.Thread.run(Thread.java:832)
]]>
    </error>
  </testcase> <!-- searchProduct -->
  <testcase classname="com.mystore.qa.tests.MyStoreIndexPageTest" name="searchInvalidProduct" time="7.301">
    <error message="C:\Users\jhali\OneDrive\Escritorio\Project\src\test\resources\excel\testdata.xlsx (El sistema no puede encontrar la ruta especificada)" type="java.io.FileNotFoundException">
      <![CDATA[java.io.FileNotFoundException: C:\Users\jhali\OneDrive\Escritorio\Project\src\test\resources\excel\testdata.xlsx (El sistema no puede encontrar la ruta especificada)
at java.base/java.io.FileInputStream.open0(Native Method)
at java.base/java.io.FileInputStream.open(FileInputStream.java:211)
at java.base/java.io.FileInputStream.<init>(FileInputStream.java:153)
at java.base/java.io.FileInputStream.<init>(FileInputStream.java:108)
at com.mystore.qa.utils.ExcelUtils.getCellStringData(ExcelUtils.java:20)
at com.mystore.qa.tests.MyStoreIndexPageTest.searchInvalidProduct(MyStoreIndexPageTest.java:49)
at java.base/jdk.internal.reflect.NativeMethodAccessorImpl.invoke0(Native Method)
at java.base/jdk.internal.reflect.NativeMethodAccessorImpl.invoke(NativeMethodAccessorImpl.java:64)
at java.base/jdk.internal.reflect.DelegatingMethodAccessorImpl.invoke(DelegatingMethodAccessorImpl.java:43)
at java.base/java.lang.reflect.Method.invoke(Method.java:564)
at org.testng.internal.MethodInvocationHelper.invokeMethod(MethodInvocationHelper.java:124)
at org.testng.internal.Invoker.invokeMethod(Invoker.java:583)
at org.testng.internal.Invoker.invokeTestMethod(Invoker.java:719)
at org.testng.internal.Invoker.invokeTestMethods(Invoker.java:989)
at org.testng.internal.TestMethodWorker.invokeTestMethods(TestMethodWorker.java:125)
at org.testng.internal.TestMethodWorker.run(TestMethodWorker.java:109)
at java.base/java.util.concurrent.ThreadPoolExecutor.runWorker(ThreadPoolExecutor.java:1130)
at java.base/java.util.concurrent.ThreadPoolExecutor$Worker.run(ThreadPoolExecutor.java:630)
at java.base/java.lang.Thread.run(Thread.java:832)
]]>
    </error>
  </testcase> <!-- searchInvalidProduct -->
  <testcase classname="com.mystore.qa.tests.MyStoreIndexPageTest" name="validateStoreInformationFooter" time="7.260">
    <error message="C:\Users\jhali\OneDrive\Escritorio\Project\src\test\resources\excel\testdata.xlsx (El sistema no puede encontrar la ruta especificada)" type="java.io.FileNotFoundException">
      <![CDATA[java.io.FileNotFoundException: C:\Users\jhali\OneDrive\Escritorio\Project\src\test\resources\excel\testdata.xlsx (El sistema no puede encontrar la ruta especificada)
at java.base/java.io.FileInputStream.open0(Native Method)
at java.base/java.io.FileInputStream.open(FileInputStream.java:211)
at java.base/java.io.FileInputStream.<init>(FileInputStream.java:153)
at java.base/java.io.FileInputStream.<init>(FileInputStream.java:108)
at com.mystore.qa.utils.ExcelUtils.getCellStringData(ExcelUtils.java:20)
at com.mystore.qa.tests.MyStoreIndexPageTest.validateStoreInformationFooter(MyStoreIndexPageTest.java:58)
at java.base/jdk.internal.reflect.NativeMethodAccessorImpl.invoke0(Native Method)
at java.base/jdk.internal.reflect.NativeMethodAccessorImpl.invoke(NativeMethodAccessorImpl.java:64)
at java.base/jdk.internal.reflect.DelegatingMethodAccessorImpl.invoke(DelegatingMethodAccessorImpl.java:43)
at java.base/java.lang.reflect.Method.invoke(Method.java:564)
at org.testng.internal.MethodInvocationHelper.invokeMethod(MethodInvocationHelper.java:124)
at org.testng.internal.Invoker.invokeMethod(Invoker.java:583)
at org.testng.internal.Invoker.invokeTestMethod(Invoker.java:719)
at org.testng.internal.Invoker.invokeTestMethods(Invoker.java:989)
at org.testng.internal.TestMethodWorker.invokeTestMethods(TestMethodWorker.java:125)
at org.testng.internal.TestMethodWorker.run(TestMethodWorker.java:109)
at java.base/java.util.concurrent.ThreadPoolExecutor.runWorker(ThreadPoolExecutor.java:1130)
at java.base/java.util.concurrent.ThreadPoolExecutor$Worker.run(ThreadPoolExecutor.java:630)
at java.base/java.lang.Thread.run(Thread.java:832)
]]>
    </error>
  </testcase> <!-- validateStoreInformationFooter -->
</testsuite> <!-- com.mystore.qa.tests.MyStoreIndexPageTest -->
