<?xml version="1.0" encoding="UTF-8"?>
<!-- Generated by org.testng.reporters.JUnitReportReporter -->
<testsuite hostname="DESKTOP-C7NA17M" failures="0" tests="1" name="com.mystore.qa.tests.Testing" time="30.022" errors="0" timestamp="20 Feb 2021 22:25:34 GMT" skipped="0">
  <testcase classname="com.mystore.qa.tests.Testing" name="landingGoogle" time="30.022"/>
</testsuite> <!-- com.mystore.qa.tests.Testing -->
