<?xml version="1.0" encoding="UTF-8"?>
<!-- Generated by org.testng.reporters.JUnitReportReporter -->
<testsuite hostname="DESKTOP-C7NA17M" failures="0" tests="1" name="com.mystore.qa.tests.AuthenticationPageTest" time="16.712" errors="0" timestamp="21 Feb 2021 17:32:00 GMT" skipped="0">
  <testcase classname="com.mystore.qa.tests.AuthenticationPageTest" name="loginMyStoreApp" time="16.712"/>
</testsuite> <!-- com.mystore.qa.tests.AuthenticationPageTest -->
